2022-01-24 20:13:53|   0.0|  0.0|INFORM|Current FME version: FME 2021.2.1.0 (20211203 - Build 21797 - WIN64)
2022-01-24 20:13:53|   0.0|  0.0|INFORM|FME_HOME is 'C:\Program Files\FME\'
2022-01-24 20:13:53|   0.0|  0.0|INFORM|FME Desktop Trial Edition (node locked-crc)
2022-01-24 20:13:53|   0.0|  0.0|INFORM|Serial Number: 0
2022-01-24 20:13:53|   0.0|  0.0|INFORM|Temporary License: 98 days left.
2022-01-24 20:13:53|   0.0|  0.0|INFORM|Machine host name is: JurasE6440
2022-01-24 20:13:53|   0.0|  0.0|INFORM|Locale: pl_PL
2022-01-24 20:13:53|   0.0|  0.0|INFORM|System Encoding: windows-1250
2022-01-24 20:13:53|   0.0|  0.0|INFORM|FME Configuration: FME_BASE is 'no'
2022-01-24 20:13:53|   0.0|  0.0|INFORM|FME Configuration: FME_MF_DIR is 'D:\Desktop/'
2022-01-24 20:13:53|   0.0|  0.0|INFORM|FME Configuration: FME_MF_NAME is 'cw11.fmw'
2022-01-24 20:13:53|   0.0|  0.0|INFORM|FME Configuration: FME_PRODUCT_NAME is 'FME(R) 2021.2.1.0'
2022-01-24 20:13:53|   0.0|  0.0|INFORM|Operating System: Microsoft Windows 10 64-bit  (Build 19042)
2022-01-24 20:13:53|   0.0|  0.0|INFORM|FME Platform: WIN64
2022-01-24 20:13:53|   0.0|  0.0|INFORM|System Status: 13.61 GB of disk space available in the FME temporary folder (C:\Users\Admin\AppData\Local\Temp\wbrun_1643049452650_15344\fmetmp_2)
2022-01-24 20:13:53|   0.0|  0.0|INFORM|System Status: 15.91 GB of physical memory available
2022-01-24 20:13:53|   0.0|  0.0|INFORM|System Status: 63.63 GB of virtual memory available
2022-01-24 20:13:53|   0.0|  0.0|INFORM|START - ProcessID: 2256, peak process memory usage: 42168 kB, current process memory usage: 42168 kB
2022-01-24 20:13:53|   0.0|  0.0|INFORM|FME Configuration: Command line arguments are `C:\Program Files\FME\fme.exe' `D:/Desktop\wb-xlate-1643051632260_15344' `LOG_STANDARDOUT' `YES' `LogCountServerName' `{f6264df5-8b15-47fb-be32-ba7accaad841}'
2022-01-24 20:13:53|   0.0|  0.0|INFORM|FME Configuration: Connection Storage: 'C:\Users\Admin\AppData\Roaming\Safe Software\FME\'
2022-01-24 20:13:53|   0.0|  0.0|INFORM|Shared folders for formats are : C:\Program Files\FME\datasources;D:\Documents\FME\Formats
2022-01-24 20:13:53|   0.0|  0.0|INFORM|Shared folders for transformers are : C:\Users\Admin\AppData\Roaming\Safe Software\FME\Packages\21797-win64\transformers;C:\Program Files\FME\transformers;C:\Users\Admin\AppData\Roaming\Safe Software\FME\FME Store\Transformers
2022-01-24 20:13:53|   0.0|  0.0|INFORM|Shared folders for coordinate systems are : D:\Documents\FME\CoordinateSystems
2022-01-24 20:13:53|   0.0|  0.0|INFORM|Shared folders for coordinate system exceptions are : D:\Documents\FME\CoordinateSystemExceptions
2022-01-24 20:13:53|   0.0|  0.0|INFORM|Shared folders for coordinate system grid overrides are : D:\Documents\FME\CoordinateSystemGridOverrides
2022-01-24 20:13:53|   0.0|  0.0|INFORM|Shared folders for CS-MAP transformation exceptions are : D:\Documents\FME\CsmapTransformationExceptions
2022-01-24 20:13:53|   0.0|  0.0|INFORM|Shared folders for transformer categories are : D:\Documents\FME\TransformerCategories
2022-01-24 20:13:53|   0.0|  0.0|INFORM|FME Configuration: Reader Keyword is `MULTI_READER'
2022-01-24 20:13:53|   0.0|  0.0|INFORM|FME Configuration: Writer Keyword is `MULTI_WRITER'
2022-01-24 20:13:53|   0.0|  0.0|INFORM|FME Configuration: Writer Group Definition Keyword is `MULTI_WRITER_DEF'
2022-01-24 20:13:53|   0.0|  0.0|INFORM|FME Configuration: Reader type is `MULTI_READER'
2022-01-24 20:13:53|   0.0|  0.0|INFORM|FME Configuration: Writer type is `MULTI_WRITER'
2022-01-24 20:13:53|   0.0|  0.0|INFORM|FME Configuration: No destination coordinate system set
2022-01-24 20:13:53|   0.0|  0.0|INFORM|FME Configuration: Current working folder is `D:\Desktop'
2022-01-24 20:13:53|   0.0|  0.0|INFORM|FME Configuration: Temporary folder is `C:\Users\Admin\AppData\Local\Temp\wbrun_1643049452650_15344\fmetmp_2', set from environment variable `FME_TEMP'
2022-01-24 20:13:53|   0.0|  0.0|INFORM|FME Configuration: Cache folder is 'C:\Users\Admin\AppData\Local\Temp'
2022-01-24 20:13:53|   0.0|  0.0|INFORM|FME Configuration: FME_HOME is `C:\Program Files\FME\'
2022-01-24 20:13:53|   0.0|  0.0|INFORM|FME Configuration: Start freeing memory when the process exceeds 47.72 GB
2022-01-24 20:13:53|   0.0|  0.0|INFORM|FME Configuration: Stop freeing memory when the process is below 35.79 GB
2022-01-24 20:13:53|   0.0|  0.0|INFORM|Creating writer for format: 
2022-01-24 20:13:53|   0.0|  0.0|INFORM|Creating reader for format: 
2022-01-24 20:13:53|   0.0|  0.0|INFORM|MULTI_READER(MULTI_READER): Will fail with first member reader failure
2022-01-24 20:13:53|   0.0|  0.0|INFORM|Using Multi Reader with keyword `MULTI_READER' to read multiple datasets
2022-01-24 20:13:53|   0.0|  0.0|INFORM|Using MultiWriter with keyword `MULTI_WRITER' to output data (ID_ATTRIBUTE is `multi_writer_id')
2022-01-24 20:13:53|   0.0|  0.0|INFORM|Writer output will be ordered by value of multi_writer_id
2022-01-24 20:13:53|   0.0|  0.0|INFORM|Loaded module 'LogCount_func' from file 'C:\Program Files\FME\plugins/LogCount_func.dll'
2022-01-24 20:13:53|   0.0|  0.0|INFORM|FME API version of module 'LogCount_func' matches current internal version (3.8 20210302)
2022-01-24 20:13:53|   0.0|  0.0|INFORM|Loaded module 'Geometry_func' from file 'C:\Program Files\FME\plugins/Geometry_func.dll'
2022-01-24 20:13:53|   0.0|  0.0|INFORM|FME API version of module 'Geometry_func' matches current internal version (3.8 20210302)
2022-01-24 20:13:53|   0.0|  0.0|INFORM|Loaded module 'RasterProperties_func' from file 'C:\Program Files\FME\plugins/RasterProperties_func.dll'
2022-01-24 20:13:53|   0.0|  0.0|INFORM|FME API version of module 'RasterProperties_func' matches current internal version (3.8 20210302)
2022-01-24 20:13:54|   0.0|  0.0|INFORM|Loaded module 'RasterNodata_func' from file 'C:\Program Files\FME\plugins/RasterNodata_func.dll'
2022-01-24 20:13:54|   0.0|  0.0|INFORM|FME API version of module 'RasterNodata_func' matches current internal version (3.8 20210302)
2022-01-24 20:13:54|   0.0|  0.0|INFORM|Loaded module 'RasterEvaluationFactory' from file 'C:\Program Files\FME\plugins/RasterEvaluationFactory.dll'
2022-01-24 20:13:54|   0.0|  0.0|INFORM|FME API version of module 'RasterEvaluationFactory' matches current internal version (3.8 20210302)
2022-01-24 20:13:54|   0.0|  0.0|INFORM|... Last line repeated 2 times ...
2022-01-24 20:13:54|   0.0|  0.0|INFORM|Loaded module 'RasterPaletteAttributes_func' from file 'C:\Program Files\FME\plugins/RasterPaletteAttributes_func.dll'
2022-01-24 20:13:54|   0.0|  0.0|INFORM|FME API version of module 'RasterPaletteAttributes_func' matches current internal version (3.8 20210302)
2022-01-24 20:13:54|   0.0|  0.0|INFORM|FME API version of module 'RasterEvaluationFactory' matches current internal version (3.8 20210302)
2022-01-24 20:13:54|   0.1|  0.1|INFORM|Emptying factory pipeline
2022-01-24 20:13:54|   0.1|  0.0|STATS |Router and Unexpected Input Remover (RoutingFactory): Tested 0 input feature(s), wrote 0 output feature(s): 0 matched merge filters, 0 were routed to output, 0 could not be routed.
2022-01-24 20:13:54|   0.1|  0.0|STATS |Unexpected Input Remover Nuker (TeeFactory): Cloned 0 input feature(s) into 0 output feature(s)
2022-01-24 20:13:54|   0.1|  0.0|STATS |Powiaty_SHAPEFILE_1 Splitter (TeeFactory): Cloned 0 input feature(s) into 0 output feature(s)
2022-01-24 20:13:54|   0.1|  0.0|STATS |Restoring 1 feature(s) from FME feature store file `C:\Users\Admin\AppData\Local\Temp\wb-cache-cw11-wThNUf\Main_Sampler -1 26 fo 0 SAMPLED  0  0d255ea129017b1440a9d8e7a42903d6c505fa6a.ffs'
2022-01-24 20:13:54|   0.1|  0.0|STATS |Restoring 1 feature(s) from FME feature store file `C:\Users\Admin\AppData\Local\Temp\wb-cache-cw11-wThNUf\Main_Sampler_2 -1 29 fo 0 SAMPLED  0  ce87470b26ee1edbabded44680f4756ee9237a54.ffs'
2022-01-24 20:13:54|   0.1|  0.0|INFORM|Sampler_2_SAMPLED_-1_31_Player (RecorderFactory): Played back 1 feature(s) from file `C:\Users\Admin\AppData\Local\Temp\wb-cache-cw11-wThNUf\Main_Sampler_2 -1 29 fo 0 SAMPLED  0  ce87470b26ee1edbabded44680f4756ee9237a54.ffs'
2022-01-24 20:13:54|   0.1|  0.0|STATS |Storing feature(s) to FME feature store file `C:\Users\Admin\AppData\Local\Temp\wb-cache-cw11-wThNUf\Main_NDVICalculator -1 9 fo 0 Output  0  57cce563232dd370f39761d9ec40cbc49f239460.ffsupdating'
2022-01-24 20:13:59|   5.2|  5.1|INFORM|FFS writer: Completed 27.19% of intermediate processing
2022-01-24 20:14:04|  10.1|  4.9|INFORM|FFS writer: Completed 50.62% of intermediate processing
2022-01-24 20:14:09|  15.1|  5.0|INFORM|FFS writer: Completed 70.48% of intermediate processing
2022-01-24 20:14:14|  20.0|  4.9|INFORM|FFS writer: Completed 86.93% of intermediate processing
